0 info it worked if it ends with ok
1 verbose cli [ 'C:\\Program Files\\nodejs\\node.exe',
1 verbose cli   'C:\\Program Files\\nodejs\\node_modules\\npm\\bin\\npm-cli.js',
1 verbose cli   'run',
1 verbose cli   'eslint' ]
2 info using npm@3.7.3
3 info using node@v5.8.0
4 verbose run-script [ 'preeslint', 'eslint', 'posteslint' ]
5 info lifecycle my-app-server@0.0.0~preeslint: my-app-server@0.0.0
6 silly lifecycle my-app-server@0.0.0~preeslint: no script for preeslint, continuing
7 info lifecycle my-app-server@0.0.0~eslint: my-app-server@0.0.0
8 verbose lifecycle my-app-server@0.0.0~eslint: unsafe-perm in lifecycle true
9 verbose lifecycle my-app-server@0.0.0~eslint: PATH: C:\Program Files\nodejs\node_modules\npm\bin\node-gyp-bin;C:\mess\SIT-server\node_modules\.bin;C:\Program Files\nodejs;C:\Users\Anton\AppData\Roaming\npm;C:\Program Files\nodejs\;C:\ProgramData\Oracle\Java\javapath;C:\Program Files (x86)\Intel\iCLS Client\;C:\Program Files\Intel\iCLS Client\;C:\WINDOWS\system32;C:\WINDOWS;C:\WINDOWS\System32\Wbem;C:\WINDOWS\System32\WindowsPowerShell\v1.0\;C:\Program Files\Intel\Intel(R) Management Engine Components\DAL;C:\Program Files\Intel\Intel(R) Management Engine Components\IPT;C:\Program Files (x86)\Intel\Intel(R) Management Engine Components\DAL;C:\Program Files (x86)\Intel\Intel(R) Management Engine Components\IPT;C:\Program Files (x86)\Windows Kits\8.1\Windows Performance Toolkit\;C:\Program Files\Microsoft SQL Server\110\Tools\Binn\;C:\Program Files (x86)\Microsoft SDKs\TypeScript\1.0\;C:\Program Files\Microsoft SQL Server\120\Tools\Binn\;C:\Program Files\Git\cmd;C:\Program Files\nodejs\;C:\Program Files (x86)\Skype\Phone\;C:\Users\Anton\AppData\Roaming\npm;C:\Users\Anton\AppData\Local\Microsoft\WindowsApps;C:\Users\Anton\AppData\Local\atom\bin
10 verbose lifecycle my-app-server@0.0.0~eslint: CWD: C:\mess\SIT-server
11 silly lifecycle my-app-server@0.0.0~eslint: Args: [ '/d /s /c',
11 silly lifecycle   'eslint *.js controllers/** db/** models/*/** helpers/** services/**' ]
12 silly lifecycle my-app-server@0.0.0~eslint: Returned: code: 1  signal: null
13 info lifecycle my-app-server@0.0.0~eslint: Failed to exec eslint script
14 verbose stack Error: my-app-server@0.0.0 eslint: `eslint *.js controllers/** db/** models/*/** helpers/** services/**`
14 verbose stack Exit status 1
14 verbose stack     at EventEmitter.<anonymous> (C:\Program Files\nodejs\node_modules\npm\lib\utils\lifecycle.js:239:16)
14 verbose stack     at emitTwo (events.js:100:13)
14 verbose stack     at EventEmitter.emit (events.js:185:7)
14 verbose stack     at ChildProcess.<anonymous> (C:\Program Files\nodejs\node_modules\npm\lib\utils\spawn.js:24:14)
14 verbose stack     at emitTwo (events.js:100:13)
14 verbose stack     at ChildProcess.emit (events.js:185:7)
14 verbose stack     at maybeClose (internal/child_process.js:850:16)
14 verbose stack     at Process.ChildProcess._handle.onexit (internal/child_process.js:215:5)
15 verbose pkgid my-app-server@0.0.0
16 verbose cwd C:\mess\SIT-server
17 error Windows_NT 10.0.14393
18 error argv "C:\\Program Files\\nodejs\\node.exe" "C:\\Program Files\\nodejs\\node_modules\\npm\\bin\\npm-cli.js" "run" "eslint"
19 error node v5.8.0
20 error npm  v3.7.3
21 error code ELIFECYCLE
22 error my-app-server@0.0.0 eslint: `eslint *.js controllers/** db/** models/*/** helpers/** services/**`
22 error Exit status 1
23 error Failed at the my-app-server@0.0.0 eslint script 'eslint *.js controllers/** db/** models/*/** helpers/** services/**'.
23 error Make sure you have the latest version of node.js and npm installed.
23 error If you do, this is most likely a problem with the my-app-server package,
23 error not with npm itself.
23 error Tell the author that this fails on your system:
23 error     eslint *.js controllers/** db/** models/*/** helpers/** services/**
23 error You can get information on how to open an issue for this project with:
23 error     npm bugs my-app-server
23 error Or if that isn't available, you can get their info via:
23 error     npm owner ls my-app-server
23 error There is likely additional logging output above.
24 verbose exit [ 1, true ]
